Determining if the pthread_create exist failed with the following output:
Change Dir: /home/yzy/Desktop/所有代码/2_Lidar Obstacle Detection/SFND_Lidar_Obstacle_Detection/src/quiz/ransac/build/CMakeFiles/CMakeTmp

Run Build Command:"/usr/bin/make" "cmTC_fb680/fast"
/usr/bin/make -f CMakeFiles/cmTC_fb680.dir/build.make CMakeFiles/cmTC_fb680.dir/build
make[1]: Entering directory '/home/yzy/Desktop/所有代码/2_Lidar Obstacle Detection/SFND_Lidar_Obstacle_Detection/src/quiz/ransac/build/CMakeFiles/CMakeTmp'
Building C object CMakeFiles/cmTC_fb680.dir/CheckSymbolExists.c.o
/usr/bin/cc     -o CMakeFiles/cmTC_fb680.dir/CheckSymbolExists.c.o   -c "/home/yzy/Desktop/所有代码/2_Lidar Obstacle Detection/SFND_Lidar_Obstacle_Detection/src/quiz/ransac/build/CMakeFiles/CMakeTmp/CheckSymbolExists.c"
Linking C executable cmTC_fb680
/usr/bin/cmake -E cmake_link_script CMakeFiles/cmTC_fb680.dir/link.txt --verbose=1
/usr/bin/cc       CMakeFiles/cmTC_fb680.dir/CheckSymbolExists.c.o  -o cmTC_fb680 -rdynamic 
CMakeFiles/cmTC_fb680.dir/CheckSymbolExists.c.o: In function `main':
CheckSymbolExists.c:(.text+0x16): undefined reference to `pthread_create'
collect2: error: ld returned 1 exit status
CMakeFiles/cmTC_fb680.dir/build.make:97: recipe for target 'cmTC_fb680' failed
make[1]: *** [cmTC_fb680] Error 1
make[1]: Leaving directory '/home/yzy/Desktop/所有代码/2_Lidar Obstacle Detection/SFND_Lidar_Obstacle_Detection/src/quiz/ransac/build/CMakeFiles/CMakeTmp'
Makefile:126: recipe for target 'cmTC_fb680/fast' failed
make: *** [cmTC_fb680/fast] Error 2

File /home/yzy/Desktop/所有代码/2_Lidar Obstacle Detection/SFND_Lidar_Obstacle_Detection/src/quiz/ransac/build/CMakeFiles/CMakeTmp/CheckSymbolExists.c:
/* */
#include <pthread.h>

int main(int argc, char** argv)
{
  (void)argv;
#ifndef pthread_create
  return ((int*)(&pthread_create))[argc];
#else
  (void)argc;
  return 0;
#endif
}

Determining if the function pthread_create exists in the pthreads failed with the following output:
Change Dir: /home/yzy/Desktop/所有代码/2_Lidar Obstacle Detection/SFND_Lidar_Obstacle_Detection/src/quiz/ransac/build/CMakeFiles/CMakeTmp

Run Build Command:"/usr/bin/make" "cmTC_2ce87/fast"
/usr/bin/make -f CMakeFiles/cmTC_2ce87.dir/build.make CMakeFiles/cmTC_2ce87.dir/build
make[1]: Entering directory '/home/yzy/Desktop/所有代码/2_Lidar Obstacle Detection/SFND_Lidar_Obstacle_Detection/src/quiz/ransac/build/CMakeFiles/CMakeTmp'
Building C object CMakeFiles/cmTC_2ce87.dir/CheckFunctionExists.c.o
/usr/bin/cc    -DCHECK_FUNCTION_EXISTS=pthread_create   -o CMakeFiles/cmTC_2ce87.dir/CheckFunctionExists.c.o   -c /usr/share/cmake-3.5/Modules/CheckFunctionExists.c
Linking C executable cmTC_2ce87
/usr/bin/cmake -E cmake_link_script CMakeFiles/cmTC_2ce87.dir/link.txt --verbose=1
/usr/bin/cc   -DCHECK_FUNCTION_EXISTS=pthread_create    CMakeFiles/cmTC_2ce87.dir/CheckFunctionExists.c.o  -o cmTC_2ce87 -rdynamic -lpthreads 
/usr/bin/ld: cannot find -lpthreads
collect2: error: ld returned 1 exit status
CMakeFiles/cmTC_2ce87.dir/build.make:97: recipe for target 'cmTC_2ce87' failed
make[1]: *** [cmTC_2ce87] Error 1
make[1]: Leaving directory '/home/yzy/Desktop/所有代码/2_Lidar Obstacle Detection/SFND_Lidar_Obstacle_Detection/src/quiz/ransac/build/CMakeFiles/CMakeTmp'
Makefile:126: recipe for target 'cmTC_2ce87/fast' failed
make: *** [cmTC_2ce87/fast] Error 2


